<?xml version="1.0" encoding="UTF-8"?>
<testng-results ignored="0" total="1" passed="1" failed="0" skipped="0">
  <reporter-output>
  </reporter-output>
  <suite started-at="2024-10-24T11:28:41 IST" name="Default suite" finished-at="2024-10-24T11:28:51 IST" duration-ms="9573">
    <groups>
    </groups>
    <test started-at="2024-10-24T11:28:41 IST" name="Default test" finished-at="2024-10-24T11:28:51 IST" duration-ms="9573">
      <class name="Test.DataTableTest">
        <test-method is-config="true" signature="setUp()[pri:0, instance:Test.DataTableTest@3646a422]" started-at="2024-10-24T11:28:41 IST" name="setUp" finished-at="2024-10-24T11:28:49 IST" duration-ms="8097" status="PASS">
          <reporter-output>
          </reporter-output>
        </test-method> <!-- setUp -->
        <test-method signature="testTableDataInsertion()[pri:0, instance:Test.DataTableTest@3646a422]" started-at="2024-10-24T11:28:49 IST" name="testTableDataInsertion" finished-at="2024-10-24T11:28:50 IST" duration-ms="1060" status="PASS">
          <reporter-output>
          </reporter-output>
        </test-method> <!-- testTableDataInsertion -->
        <test-method is-config="true" signature="tearDown()[pri:0, instance:Test.DataTableTest@3646a422]" started-at="2024-10-24T11:28:50 IST" name="tearDown" finished-at="2024-10-24T11:28:51 IST" duration-ms="364" status="PASS">
          <reporter-output>
          </reporter-output>
        </test-method> <!-- tearDown -->
      </class> <!-- Test.DataTableTest -->
    </test> <!-- Default test -->
  </suite> <!-- Default suite -->
</testng-results>
